TN:
SF:/home/david/testes_empresas/exact-sales/testFront/src/test-1.js
FN:3,(anonymous_0)
FNF:1
FNH:1
FNDA:3,(anonymous_0)
DA:3,1
DA:4,3
DA:5,3
DA:6,2
DA:10,1
LF:5
LH:5
BRDA:5,0,0,2
BRDA:5,0,1,1
BRDA:5,1,0,3
BRDA:5,1,1,2
BRDA:5,1,2,2
BRF:5
BRH:5
end_of_record
TN:
SF:/home/david/testes_empresas/exact-sales/testFront/src/test-2.js
FN:1,(anonymous_0)
FN:3,(anonymous_1)
FNF:2
FNH:2
FNDA:3,(anonymous_0)
FNDA:9,(anonymous_1)
DA:1,1
DA:2,3
DA:3,9
DA:5,1
LF:4
LH:4
BRDA:2,0,0,2
BRDA:2,0,1,1
BRDA:2,1,0,3
BRDA:2,1,1,2
BRF:4
BRH:4
end_of_record
TN:
SF:/home/david/testes_empresas/exact-sales/testFront/src/test-3.js
FN:1,(anonymous_0)
FN:6,(anonymous_1)
FNF:2
FNH:2
FNDA:6,(anonymous_0)
FNDA:516,(anonymous_1)
DA:1,2
DA:2,6
DA:3,5
DA:6,516
DA:9,1
LF:5
LH:5
BRDA:2,0,0,5
BRDA:2,0,1,1
BRDA:2,1,0,6
BRDA:2,1,1,5
BRF:4
BRH:4
end_of_record
TN:
SF:/home/david/testes_empresas/exact-sales/testFront/src/test-4.js
FN:3,(anonymous_0)
FN:5,(anonymous_1)
FNF:2
FNH:2
FNDA:3,(anonymous_0)
FNDA:7,(anonymous_1)
DA:3,1
DA:4,3
DA:5,7
DA:6,2
DA:7,2
DA:13,1
LF:6
LH:6
BRDA:4,0,0,2
BRDA:4,0,1,1
BRDA:4,1,0,3
BRDA:4,1,1,2
BRF:4
BRH:4
end_of_record
