TN:
SF:/home/david/testes_empresas/exact-sales/testFront/src/test-1.js
FN:3,(anonymous_0)
FNF:1
FNH:1
FNDA:3,(anonymous_0)
DA:3,1
DA:4,3
DA:5,3
DA:6,2
DA:10,1
LF:5
LH:5
BRDA:5,0,0,2
BRDA:5,0,1,1
BRDA:5,1,0,3
BRDA:5,1,1,2
BRDA:5,1,2,2
BRF:5
BRH:5
end_of_record
TN:
SF:/home/david/testes_empresas/exact-sales/testFront/src/test-2.js
FN:1,(anonymous_0)
FN:3,(anonymous_1)
FNF:2
FNH:2
FNDA:3,(anonymous_0)
FNDA:9,(anonymous_1)
DA:1,1
DA:2,3
DA:3,9
DA:5,1
LF:4
LH:4
BRDA:2,0,0,2
BRDA:2,0,1,1
BRDA:2,1,0,3
BRDA:2,1,1,2
BRF:4
BRH:4
end_of_record
TN:
SF:/home/david/testes_empresas/exact-sales/testFront/src/test-3.js
FN:1,(anonymous_0)
FN:6,(anonymous_1)
FNF:2
FNH:2
FNDA:6,(anonymous_0)
FNDA:516,(anonymous_1)
DA:1,2
DA:2,6
DA:3,5
DA:6,516
DA:9,1
LF:5
LH:5
BRDA:2,0,0,5
BRDA:2,0,1,1
BRDA:2,1,0,6
BRDA:2,1,1,5
BRF:4
BRH:4
end_of_record
TN:
SF:/home/david/testes_empresas/exact-sales/testFront/src/test-4.js
FN:3,(anonymous_0)
FN:5,(anonymous_1)
FNF:2
FNH:2
FNDA:3,(anonymous_0)
FNDA:7,(anonymous_1)
DA:3,1
DA:4,3
DA:5,7
DA:6,2
DA:7,2
DA:13,1
LF:6
LH:6
BRDA:4,0,0,2
BRDA:4,0,1,1
BRDA:4,1,0,3
BRDA:4,1,1,2
BRF:4
BRH:4
end_of_record
TN:
SF:/home/david/testes_empresas/exact-sales/testFront/src/test-5.js
FN:1,(anonymous_0)
FN:3,(anonymous_1)
FN:6,(anonymous_2)
FN:13,(anonymous_3)
FNF:4
FNH:4
FNDA:3,(anonymous_0)
FNDA:8,(anonymous_1)
FNDA:8,(anonymous_2)
FNDA:8,(anonymous_3)
DA:1,1
DA:2,3
DA:3,8
DA:4,2
DA:5,2
DA:7,8
DA:12,2
DA:14,8
DA:17,2
DA:23,1
LF:10
LH:10
BRDA:2,0,0,2
BRDA:2,0,1,1
BRDA:2,1,0,3
BRDA:2,1,1,2
BRDA:7,2,0,8
BRDA:7,2,1,7
BRDA:7,2,2,6
BRDA:14,3,0,8
BRDA:14,3,1,6
BRF:9
BRH:9
end_of_record
TN:
SF:/home/david/testes_empresas/exact-sales/testFront/src/test-7.js
FN:1,(anonymous_0)
FN:4,(anonymous_1)
FN:13,(anonymous_2)
FN:19,(anonymous_3)
FN:20,(anonymous_4)
FNF:5
FNH:5
FNDA:1,(anonymous_0)
FNDA:3,(anonymous_1)
FNDA:2,(anonymous_2)
FNDA:15,(anonymous_3)
FNDA:15,(anonymous_4)
DA:1,1
DA:2,1
DA:3,1
DA:4,1
DA:5,3
DA:6,3
DA:10,1
DA:13,1
DA:14,2
DA:15,1
DA:16,1
DA:17,1
DA:18,3
DA:19,15
DA:20,15
DA:21,3
DA:22,3
DA:24,1
DA:31,1
LF:19
LH:19
BRDA:3,0,0,1
BRDA:3,0,1,0
BRDA:3,1,0,1
BRDA:3,1,1,1
BRDA:5,2,0,3
BRDA:5,2,1,0
BRDA:5,3,0,3
BRDA:5,3,1,2
BRDA:14,4,0,1
BRDA:14,4,1,1
BRDA:14,5,0,2
BRDA:14,5,1,1
BRF:12
BRH:10
end_of_record
